#
# There is insufficient memory for the Java Runtime Environment to continue.
# Native memory allocation (mmap) failed to map 134217728 bytes for Failed to commit area from 0x00000000d1200000 to 0x00000000d9200000 of length 134217728.
# Possible reasons:
#   The system is out of physical RAM or swap space
#   The process is running with CompressedOops enabled, and the Java Heap may be blocking the growth of the native heap
# Possible solutions:
#   Reduce memory load on the system
#   Increase physical memory or swap space
#   Check if swap backing store is full
#   Decrease Java heap size (-Xmx/-Xms)
#   Decrease number of Java threads
#   Decrease Java thread stack sizes (-Xss)
#   Set larger code cache with -XX:ReservedCodeCacheSize=
# This output file may be truncated or incomplete.
#
#  Out of Memory Error (./src/hotspot/os/windows/os_windows.cpp:3619), pid=12460, tid=12228
#
# JRE version:  (11.0.13+7) (build )
# Java VM: OpenJDK 64-Bit Server VM (11.0.13+7-b1751.19, mixed mode, sharing, tiered, compressed oops, g1 gc, windows-amd64)
# No core dump will be written. Minidumps are not enabled by default on client versions of Windows
#

---------------  S U M M A R Y ------------

Command Line: -Djava.rmi.server.hostname=127.0.0.1 -Duser.timezone=UTC -Xmx750m -Xms128m -Dfile.encoding=UTF-8 com.intellij.database.remote.RemoteJdbcServer com.mysql.cj.jdbc.Driver

Host: Intel(R) Core(TM) i7-4600U CPU @ 2.10GHz, 4 cores, 7G,  Windows 10 , 64 bit Build 19041 (10.0.19041.2251)
Time: Wed Nov 16 20:44:01 2022 Финляндия (зима) elapsed time: 0.015631 seconds (0d 0h 0m 0s)

---------------  T H R E A D  ---------------

Current thread (0x000001f1ac67a800):  JavaThread "Unknown thread" [_thread_in_vm, id=12228, stack(0x000000a984500000,0x000000a984600000)]

Stack: [0x000000a984500000,0x000000a984600000]
Native frames: (J=compiled Java code, j=interpreted, Vv=VM code, C=native code)
V  [jvm.dll+0x613ada]
V  [jvm.dll+0x799a80]
V  [jvm.dll+0x79b09d]
V  [jvm.dll+0x79b773]
V  [jvm.dll+0x24c4c8]
V  [jvm.dll+0x610b64]
V  [jvm.dll+0x605855]
V  [jvm.dll+0x30aaeb]
V  [jvm.dll+0x30aa5a]
V  [jvm.dll+0x30a932]
V  [jvm.dll+0x30f896]
V  [jvm.dll+0x359293]
V  [jvm.dll+0x359996]
V  [jvm.dll+0x359393]
V  [jvm.dll+0x2e5308]
V  [jvm.dll+0x2e64b7]
V  [jvm.dll+0x7769c7]
V  [jvm.dll+0x7781bc]
V  [jvm.dll+0x366829]
V  [jvm.dll+0x75a52e]
V  [jvm.dll+0x3d4923]
V  [jvm.dll+0x3d6e91]
C  [jli.dll+0x536b]
C  [ucrtbase.dll+0x21bb2]
C  [KERNEL32.DLL+0x174b4]
C  [ntdll.dll+0x526a1]


---------------  P R O C E S S  ---------------

Threads class SMR info:
_java_thread_list=0x000001f1aabe0c30, length=0, elements={
}

Java Threads: ( => current thread )

Other Threads:
  0x000001f1ac692000 GCTaskThread "GC Thread#0" [stack: 0x000000a984600000,0x000000a984700000] [id=10076]
  0x000001f1ac6a8800 ConcurrentGCThread "G1 Main Marker" [stack: 0x000000a984700000,0x000000a984800000] [id=14904]
  0x000001f1ac6ac000 ConcurrentGCThread "G1 Conc#0" [stack: 0x000000a984800000,0x000000a984900000] [id=2280]

[error occurred during error reporting (printing all threads), id 0xc0000005, EXCEPTION_ACCESS_VIOLATION (0xc0000005) at pc=0x00007ffed3475b77]

VM state:not at safepoint (not fully initialized)

VM Mutex/Monitor currently owned by a thread:  ([mutex/lock_event])
[0x000001f1ac675e90] Heap_lock - owner thread: 0x000001f1ac67a800

Heap address: 0x00000000d1200000, size: 750 MB, Compressed Oops mode: Non-zero based: 0x00000000d1200000
Narrow klass base: 0x0000000000000000, Narrow klass shift: 0

GC Heap History (0 events):
No events

Deoptimization events (0 events):
No events

Classes redefined (0 events):
No events

Internal exceptions (0 events):
No events

Events (1 events):
Event: 0.008 Loaded shared library C:\Program Files\JetBrains\PhpStorm 2021.3\jbr\bin\zip.dll


Dynamic libraries:
0x00007ff6a2dc0000 - 0x00007ff6a2dca000 	C:\Program Files\JetBrains\PhpStorm 2021.3\jbr\bin\java.exe
0x00007fff36270000 - 0x00007fff36468000 	C:\WINDOWS\SYSTEM32\ntdll.dll
0x00007fff34830000 - 0x00007fff348ef000 	C:\WINDOWS\System32\KERNEL32.DLL
0x00007fff33970000 - 0x00007fff33c42000 	C:\WINDOWS\System32\KERNELBASE.dll
0x00007fff33c80000 - 0x00007fff33d80000 	C:\WINDOWS\System32\ucrtbase.dll
0x00007fff2f000000 - 0x00007fff2f017000 	C:\Program Files\JetBrains\PhpStorm 2021.3\jbr\bin\VCRUNTIME140.dll
0x00007fff26a40000 - 0x00007fff26a59000 	C:\Program Files\JetBrains\PhpStorm 2021.3\jbr\bin\jli.dll
0x00007fff350d0000 - 0x00007fff3526d000 	C:\WINDOWS\System32\USER32.dll
0x00007fff33c50000 - 0x00007fff33c72000 	C:\WINDOWS\System32\win32u.dll
0x00007fff23ba0000 - 0x00007fff23e3a000 	C:\WINDOWS\WinSxS\amd64_microsoft.windows.common-controls_6595b64144ccf1df_6.0.19041.1110_none_60b5254171f9507e\COMCTL32.dll
0x00007fff36200000 - 0x00007fff3622b000 	C:\WINDOWS\System32\GDI32.dll
0x00007fff35530000 - 0x00007fff355ce000 	C:\WINDOWS\System32\msvcrt.dll
0x00007fff33eb0000 - 0x00007fff33fbf000 	C:\WINDOWS\System32\gdi32full.dll
0x00007fff34120000 - 0x00007fff341bd000 	C:\WINDOWS\System32\msvcp_win.dll
0x00007fff355e0000 - 0x00007fff35612000 	C:\WINDOWS\System32\IMM32.DLL
0x00007fff274f0000 - 0x00007fff2758d000 	C:\Program Files\JetBrains\PhpStorm 2021.3\jbr\bin\msvcp140.dll
0x00007ffed3180000 - 0x00007ffed3cf6000 	C:\Program Files\JetBrains\PhpStorm 2021.3\jbr\bin\server\jvm.dll
0x00007fff36010000 - 0x00007fff360be000 	C:\WINDOWS\System32\ADVAPI32.dll
0x00007fff35030000 - 0x00007fff350cc000 	C:\WINDOWS\System32\sechost.dll
0x00007fff360c0000 - 0x00007fff361e5000 	C:\WINDOWS\System32\RPCRT4.dll
0x00007fff34820000 - 0x00007fff34828000 	C:\WINDOWS\System32\PSAPI.DLL
0x00007fff1fe80000 - 0x00007fff1fe89000 	C:\WINDOWS\SYSTEM32\WSOCK32.dll
0x00007fff24080000 - 0x00007fff240a7000 	C:\WINDOWS\SYSTEM32\WINMM.dll
0x00007fff20ac0000 - 0x00007fff20aca000 	C:\WINDOWS\SYSTEM32\VERSION.dll
0x00007fff35440000 - 0x00007fff354ab000 	C:\WINDOWS\System32\WS2_32.dll
0x00007fff317f0000 - 0x00007fff31802000 	C:\WINDOWS\SYSTEM32\kernel.appcore.dll
0x00007fff2ca30000 - 0x00007fff2ca41000 	C:\Program Files\JetBrains\PhpStorm 2021.3\jbr\bin\verify.dll
0x00007fff1fb10000 - 0x00007fff1fcf4000 	C:\WINDOWS\SYSTEM32\DBGHELP.DLL
0x00007fff1f930000 - 0x00007fff1f95c000 	C:\WINDOWS\SYSTEM32\dbgcore.DLL
0x00007fff33df0000 - 0x00007fff33e72000 	C:\WINDOWS\System32\bcryptPrimitives.dll
0x00007fff274b0000 - 0x00007fff274d9000 	C:\Program Files\JetBrains\PhpStorm 2021.3\jbr\bin\java.dll
0x00007fff2cac0000 - 0x00007fff2cacb000 	C:\Program Files\JetBrains\PhpStorm 2021.3\jbr\bin\jimage.dll
0x00007fff24eb0000 - 0x00007fff24ec8000 	C:\Program Files\JetBrains\PhpStorm 2021.3\jbr\bin\zip.dll

dbghelp: loaded successfully - version: 4.0.5 - missing functions: none
symbol engine: initialized successfully - sym options: 0x614 - pdb path: .;C:\Program Files\JetBrains\PhpStorm 2021.3\jbr\bin;C:\WINDOWS\SYSTEM32;C:\WINDOWS\WinSxS\amd64_microsoft.windows.common-controls_6595b64144ccf1df_6.0.19041.1110_none_60b5254171f9507e;C:\Program Files\JetBrains\PhpStorm 2021.3\jbr\bin\server

VM Arguments:
jvm_args: -Djava.rmi.server.hostname=127.0.0.1 -Duser.timezone=UTC -Xmx750m -Xms128m -Dfile.encoding=UTF-8 
java_command: com.intellij.database.remote.RemoteJdbcServer com.mysql.cj.jdbc.Driver
java_class_path (initial): C:\Program Files\JetBrains\PhpStorm 2021.3\lib\util.jar;C:\Program Files\JetBrains\PhpStorm 2021.3\lib\org_codehaus_groovy_groovy.jar;C:\Program Files\JetBrains\PhpStorm 2021.3\plugins\DatabaseTools\lib\jdbc-console.jar;C:\Users\User\AppData\Roaming\JetBrains\PhpStorm2021.3\jdbc-drivers\MySQL ConnectorJ\8.0.25\mysql-connector-java-8.0.25.jar
Launcher Type: SUN_STANDARD

[Global flags]
     intx CICompilerCount                          = 3                                         {product} {ergonomic}
     uint ConcGCThreads                            = 1                                         {product} {ergonomic}
     uint G1ConcRefinementThreads                  = 4                                         {product} {ergonomic}
   size_t G1HeapRegionSize                         = 1048576                                   {product} {ergonomic}
    uintx GCDrainStackTargetSize                   = 64                                        {product} {ergonomic}
   size_t InitialHeapSize                          = 134217728                                 {product} {command line}
   size_t MarkStackSize                            = 4194304                                   {product} {ergonomic}
   size_t MaxHeapSize                              = 786432000                                 {product} {command line}
   size_t MinHeapDeltaBytes                        = 1048576                                   {product} {ergonomic}
    uintx NonNMethodCodeHeapSize                   = 5830732                                {pd product} {ergonomic}
    uintx NonProfiledCodeHeapSize                  = 122913754                              {pd product} {ergonomic}
    uintx ProfiledCodeHeapSize                     = 122913754                              {pd product} {ergonomic}
    uintx ReservedCodeCacheSize                    = 251658240                              {pd product} {ergonomic}
     bool SegmentedCodeCache                       = true                                      {product} {ergonomic}
     bool UseCompressedClassPointers               = true                                 {lp64_product} {ergonomic}
     bool UseCompressedOops                        = true                                 {lp64_product} {ergonomic}
     bool UseG1GC                                  = true                                      {product} {ergonomic}
     bool UseLargePagesIndividualAllocation        = false                                  {pd product} {ergonomic}

Logging:
Log output configuration:
 #0: stdout all=warning uptime,level,tags
 #1: stderr all=off uptime,level,tags

Environment Variables:
PATH=C:\Program Files (x86)\Intel\iCLS Client\;C:\Program Files\Intel\iCLS Client\;C:\WINDOWS\system32;C:\WINDOWS;C:\WINDOWS\System32\Wbem;C:\WINDOWS\System32\WindowsPowerShell\v1.0\;C:\WINDOWS\System32\OpenSSH\;C:\Program Files (x86)\Intel\Intel(R) Management Engine Components\DAL;C:\Program Files\Intel\Intel(R) Management Engine Components\DAL;C:\Program Files (x86)\Intel\Intel(R) Management Engine Components\IPT;C:\Program Files\Intel\Intel(R) Management Engine Components\IPT;C:\Program Files\Intel\WiFi\bin\;C:\Program Files\Common Files\Intel\WirelessCommon\;C:\Program Files\Docker\Docker\resources\bin;C:\ProgramData\DockerDesktop\version-bin;C:\Program Files\Git\cmd;C:\Users\User\AppData\Local\Programs\Python\Python310\Scripts\;C:\Users\User\AppData\Local\Programs\Python\Python310\;C:\Users\User\AppData\Local\Microsoft\WindowsApps;C:\Program Files\JetBrains\WebStorm 2020.3\bin;;C:\Program Files\JetBrains\PyCharm Community Edition 2022.1.2\bin;;C:\Users\User\AppData\Local\GitHubDesktop\bin
USERNAME=User
OS=Windows_NT
PROCESSOR_IDENTIFIER=Intel64 Family 6 Model 69 Stepping 1, GenuineIntel



---------------  S Y S T E M  ---------------

OS: Windows 10 , 64 bit Build 19041 (10.0.19041.2251)
OS uptime: 3 days 10:28 hours
Hyper-V role detected

CPU:total 4 (initial active 4) (2 cores per cpu, 2 threads per core) family 6 model 69 stepping 1 microcode 0x25, cmov, cx8, fxsr, mmx, sse, sse2, sse3, ssse3, sse4.1, sse4.2, popcnt, avx, avx2, aes, clmul, erms, lzcnt, ht, tsc, tscinvbit, bmi1, bmi2, fma

Memory: 4k page, system-wide physical 8097M (1021M free)
TotalPageFile size 10113M (AvailPageFile size 109M)
current process WorkingSet (physical memory assigned to process): 9M, peak: 9M
current process commit charge ("private bytes"): 51M, peak: 179M

vm_info: OpenJDK 64-Bit Server VM (11.0.13+7-b1751.19) for windows-amd64 JRE (11.0.13+7-b1751.19), built on Nov  9 2021 11:31:28 by "" with MS VC++ 14.0 (VS2015)

END.
